<?xml version="1.0" encoding="UTF-8"?>
<!-- Generated by org.testng.reporters.JUnitReportReporter -->
<testsuite hostname="LAPTOP-4C1CTOAL" failures="0" tests="36" name="test_Cases.TestLeaveList" time="45.341" errors="2" timestamp="2024-12-05T22:13:11 IST" skipped="34">
  <testcase classname="test_Cases.TestLeaveList" name="verifyLeaveListPageShowsNoRecords" time="0.000">
    <skipped/>
  </testcase> <!-- verifyLeaveListPageShowsNoRecords -->
  <system-out/>
  <testcase classname="test_Cases.TestLeaveList" name="setup" time="22.366">
    <error message="Expected condition failed: waiting for visibility of element located by By.xpath: //input[@placeholder=&#039;Username&#039;] (tried for 15 second(s) with 500 milliseconds interval)
Build info: version: &#039;4.25.0&#039;, revision: &#039;8a8aea2337&#039;
System info: os.name: &#039;Windows 11&#039;, os.arch: &#039;amd64&#039;, os.version: &#039;10.0&#039;, java.version: &#039;23&#039;
Driver info: org.openqa.selenium.chrome.ChromeDriver
Capabilities {acceptInsecureCerts: false, browserName: chrome, browserVersion: 131.0.6778.108, chrome: {chromedriverVersion: 131.0.6778.87 (ce31cae94873..., userDataDir: C:\Users\RAMITA~1\AppData\L...}, fedcm:accounts: true, goog:chromeOptions: {debuggerAddress: localhost:49749}, networkConnectionEnabled: false, pageLoadStrategy: normal, platformName: windows, proxy: Proxy(), se:cdp: ws://localhost:49749/devtoo..., se:cdpVersion: 131.0.6778.108, setWindowRect: true, strictFileInteractability: false, timeouts: {implicit: 0, pageLoad: 300000, script: 30000}, unhandledPromptBehavior: dismiss and notify, webauthn:extension:credBlob: true, webauthn:extension:largeBlob: true, webauthn:extension:minPinLength: true, webauthn:extension:prf: true, webauthn:virtualAuthenticators: true}
Session ID: d91ce08eb63e3c3269ec24ee33ecb119" type="org.openqa.selenium.TimeoutException">
      <![CDATA[org.openqa.selenium.TimeoutException: Expected condition failed: waiting for visibility of element located by By.xpath: //input[@placeholder='Username'] (tried for 15 second(s) with 500 milliseconds interval)
Build info: version: '4.25.0', revision: '8a8aea2337'
System info: os.name: 'Windows 11', os.arch: 'amd64', os.version: '10.0', java.version: '23'
Driver info: org.openqa.selenium.chrome.ChromeDriver
Capabilities {acceptInsecureCerts: false, browserName: chrome, browserVersion: 131.0.6778.108, chrome: {chromedriverVersion: 131.0.6778.87 (ce31cae94873..., userDataDir: C:\Users\RAMITA~1\AppData\L...}, fedcm:accounts: true, goog:chromeOptions: {debuggerAddress: localhost:49749}, networkConnectionEnabled: false, pageLoadStrategy: normal, platformName: windows, proxy: Proxy(), se:cdp: ws://localhost:49749/devtoo..., se:cdpVersion: 131.0.6778.108, setWindowRect: true, strictFileInteractability: false, timeouts: {implicit: 0, pageLoad: 300000, script: 30000}, unhandledPromptBehavior: dismiss and notify, webauthn:extension:credBlob: true, webauthn:extension:largeBlob: true, webauthn:extension:minPinLength: true, webauthn:extension:prf: true, webauthn:virtualAuthenticators: true}
Session ID: d91ce08eb63e3c3269ec24ee33ecb119
at org.openqa.selenium.support.ui.WebDriverWait.timeoutException(WebDriverWait.java:84)
at org.openqa.selenium.support.ui.FluentWait.until(FluentWait.java:228)
at pageObjects.Login.Login_Page_Objects.Default_Username(Login_Page_Objects.java:49)
at base_Class.Base_Class.setup(Base_Class.java:44)
at java.base/jdk.internal.reflect.DirectMethodHandleAccessor.invoke(DirectMethodHandleAccessor.java:103)
at java.base/java.lang.reflect.Method.invoke(Method.java:580)
at org.testng.internal.MethodInvocationHelper.invokeMethod(MethodInvocationHelper.java:133)
at org.testng.internal.MethodInvocationHelper.invokeMethodConsideringTimeout(MethodInvocationHelper.java:62)
at org.testng.internal.ConfigInvoker.invokeConfigurationMethod(ConfigInvoker.java:385)
at org.testng.internal.ConfigInvoker.invokeConfigurations(ConfigInvoker.java:321)
at org.testng.internal.TestInvoker.runConfigMethods(TestInvoker.java:700)
at org.testng.internal.TestInvoker.invokeMethod(TestInvoker.java:527)
at org.testng.internal.TestInvoker.invokeTestMethod(TestInvoker.java:173)
at org.testng.internal.MethodRunner.runInSequence(MethodRunner.java:46)
at org.testng.internal.TestInvoker$MethodInvocationAgent.invoke(TestInvoker.java:824)
at org.testng.internal.TestInvoker.invokeTestMethods(TestInvoker.java:146)
at org.testng.internal.TestMethodWorker.invokeTestMethods(TestMethodWorker.java:146)
at org.testng.internal.TestMethodWorker.run(TestMethodWorker.java:128)
at java.base/java.util.ArrayList.forEach(ArrayList.java:1597)
at org.testng.TestRunner.privateRun(TestRunner.java:794)
at org.testng.TestRunner.run(TestRunner.java:596)
at org.testng.SuiteRunner.runTest(SuiteRunner.java:377)
at org.testng.SuiteRunner.access$000(SuiteRunner.java:28)
at org.testng.SuiteRunner$SuiteWorker.run(SuiteRunner.java:418)
at org.testng.internal.thread.ThreadUtil.lambda$execute$0(ThreadUtil.java:64)
at java.base/java.util.concurrent.FutureTask.run(FutureTask.java:317)
at java.base/java.util.concurrent.ThreadPoolExecutor.runWorker(ThreadPoolExecutor.java:1144)
at java.base/java.util.concurrent.ThreadPoolExecutor$Worker.run(ThreadPoolExecutor.java:642)
at java.base/java.lang.Thread.run(Thread.java:1575)
]]>
    </error>
  </testcase> <!-- setup -->
  <system-out/>
  <testcase classname="test_Cases.TestLeaveList" name="verifyLeaveListPageShowsNoRecords" time="0.000">
    <skipped/>
  </testcase> <!-- verifyLeaveListPageShowsNoRecords -->
  <system-out/>
  <testcase classname="test_Cases.TestLeaveList" name="setup" time="22.975">
    <error message="Expected condition failed: waiting for visibility of element located by By.xpath: //input[@placeholder=&#039;Username&#039;] (tried for 15 second(s) with 500 milliseconds interval)
Build info: version: &#039;4.25.0&#039;, revision: &#039;8a8aea2337&#039;
System info: os.name: &#039;Windows 11&#039;, os.arch: &#039;amd64&#039;, os.version: &#039;10.0&#039;, java.version: &#039;23&#039;
Driver info: org.openqa.selenium.firefox.FirefoxDriver
Capabilities {acceptInsecureCerts: true, browserName: firefox, browserVersion: 133.0, moz:accessibilityChecks: false, moz:buildID: 20241121140525, moz:debuggerAddress: 127.0.0.1:2101, moz:geckodriverVersion: 0.35.0, moz:headless: false, moz:platformVersion: 10.0, moz:processID: 17256, moz:profile: C:\Users\RAMITA~1\AppData\L..., moz:shutdownTimeout: 60000, moz:webdriverClick: true, moz:windowless: false, pageLoadStrategy: normal, platformName: windows, proxy: Proxy(), se:cdp: ws://127.0.0.1:2101/devtool..., se:cdpVersion: 85.0, setWindowRect: true, strictFileInteractability: false, timeouts: {implicit: 0, pageLoad: 300000, script: 30000}, unhandledPromptBehavior: dismiss and notify, userAgent: Mozilla/5.0 (Windows NT 10....}
Session ID: 6924d4fe-e108-448b-9009-ac9f19536d10" type="org.openqa.selenium.TimeoutException">
      <![CDATA[org.openqa.selenium.TimeoutException: Expected condition failed: waiting for visibility of element located by By.xpath: //input[@placeholder='Username'] (tried for 15 second(s) with 500 milliseconds interval)
Build info: version: '4.25.0', revision: '8a8aea2337'
System info: os.name: 'Windows 11', os.arch: 'amd64', os.version: '10.0', java.version: '23'
Driver info: org.openqa.selenium.firefox.FirefoxDriver
Capabilities {acceptInsecureCerts: true, browserName: firefox, browserVersion: 133.0, moz:accessibilityChecks: false, moz:buildID: 20241121140525, moz:debuggerAddress: 127.0.0.1:2101, moz:geckodriverVersion: 0.35.0, moz:headless: false, moz:platformVersion: 10.0, moz:processID: 17256, moz:profile: C:\Users\RAMITA~1\AppData\L..., moz:shutdownTimeout: 60000, moz:webdriverClick: true, moz:windowless: false, pageLoadStrategy: normal, platformName: windows, proxy: Proxy(), se:cdp: ws://127.0.0.1:2101/devtool..., se:cdpVersion: 85.0, setWindowRect: true, strictFileInteractability: false, timeouts: {implicit: 0, pageLoad: 300000, script: 30000}, unhandledPromptBehavior: dismiss and notify, userAgent: Mozilla/5.0 (Windows NT 10....}
Session ID: 6924d4fe-e108-448b-9009-ac9f19536d10
at org.openqa.selenium.support.ui.WebDriverWait.timeoutException(WebDriverWait.java:84)
at org.openqa.selenium.support.ui.FluentWait.until(FluentWait.java:228)
at pageObjects.Login.Login_Page_Objects.Default_Username(Login_Page_Objects.java:49)
at base_Class.Base_Class.setup(Base_Class.java:44)
at java.base/jdk.internal.reflect.DirectMethodHandleAccessor.invoke(DirectMethodHandleAccessor.java:103)
at java.base/java.lang.reflect.Method.invoke(Method.java:580)
at org.testng.internal.MethodInvocationHelper.invokeMethod(MethodInvocationHelper.java:133)
at org.testng.internal.MethodInvocationHelper.invokeMethodConsideringTimeout(MethodInvocationHelper.java:62)
at org.testng.internal.ConfigInvoker.invokeConfigurationMethod(ConfigInvoker.java:385)
at org.testng.internal.ConfigInvoker.invokeConfigurations(ConfigInvoker.java:321)
at org.testng.internal.TestInvoker.runConfigMethods(TestInvoker.java:700)
at org.testng.internal.TestInvoker.invokeMethod(TestInvoker.java:527)
at org.testng.internal.TestInvoker.invokeTestMethod(TestInvoker.java:173)
at org.testng.internal.MethodRunner.runInSequence(MethodRunner.java:46)
at org.testng.internal.TestInvoker$MethodInvocationAgent.invoke(TestInvoker.java:824)
at org.testng.internal.TestInvoker.invokeTestMethods(TestInvoker.java:146)
at org.testng.internal.TestMethodWorker.invokeTestMethods(TestMethodWorker.java:146)
at org.testng.internal.TestMethodWorker.run(TestMethodWorker.java:128)
at java.base/java.util.ArrayList.forEach(ArrayList.java:1597)
at org.testng.TestRunner.privateRun(TestRunner.java:794)
at org.testng.TestRunner.run(TestRunner.java:596)
at org.testng.SuiteRunner.runTest(SuiteRunner.java:377)
at org.testng.SuiteRunner.access$000(SuiteRunner.java:28)
at org.testng.SuiteRunner$SuiteWorker.run(SuiteRunner.java:418)
at org.testng.internal.thread.ThreadUtil.lambda$execute$0(ThreadUtil.java:64)
at java.base/java.util.concurrent.FutureTask.run(FutureTask.java:317)
at java.base/java.util.concurrent.ThreadPoolExecutor.runWorker(ThreadPoolExecutor.java:1144)
at java.base/java.util.concurrent.ThreadPoolExecutor$Worker.run(ThreadPoolExecutor.java:642)
at java.base/java.lang.Thread.run(Thread.java:1575)
]]>
    </error>
  </testcase> <!-- setup -->
  <system-out/>
  <testcase classname="test_Cases.TestLeaveList" name="verifyLeaveListPageShowsRecords" time="0.000">
    <skipped/>
  </testcase> <!-- verifyLeaveListPageShowsRecords -->
  <system-out/>
  <testcase classname="test_Cases.TestLeaveList" name="verifyLeaveListPageShowsRecords" time="0.000">
    <skipped/>
  </testcase> <!-- verifyLeaveListPageShowsRecords -->
  <system-out/>
  <testcase classname="test_Cases.TestLeaveList" name="verifyFilteringLeaveWithNoRecords" time="0.000">
    <skipped/>
  </testcase> <!-- verifyFilteringLeaveWithNoRecords -->
  <system-out/>
  <testcase classname="test_Cases.TestLeaveList" name="verifyFilteringLeaveWithNoRecords" time="0.000">
    <skipped/>
  </testcase> <!-- verifyFilteringLeaveWithNoRecords -->
  <system-out/>
  <testcase classname="test_Cases.TestLeaveList" name="verifyFilteringLeaveWithRecords" time="0.000">
    <skipped/>
  </testcase> <!-- verifyFilteringLeaveWithRecords -->
  <system-out/>
  <testcase classname="test_Cases.TestLeaveList" name="verifyFilteringLeaveWithRecords" time="0.000">
    <skipped/>
  </testcase> <!-- verifyFilteringLeaveWithRecords -->
  <system-out/>
  <testcase classname="test_Cases.TestLeaveList" name="verifyFilteringLeavesWithPendingStatusAndNoRecords" time="0.000">
    <skipped/>
  </testcase> <!-- verifyFilteringLeavesWithPendingStatusAndNoRecords -->
  <system-out/>
  <testcase classname="test_Cases.TestLeaveList" name="verifyFilteringLeavesWithPendingStatusAndNoRecords" time="0.000">
    <skipped/>
  </testcase> <!-- verifyFilteringLeavesWithPendingStatusAndNoRecords -->
  <system-out/>
  <testcase classname="test_Cases.TestLeaveList" name="verifyFilteringLeavesWithPendingStatusAndWithRecords" time="0.000">
    <skipped/>
  </testcase> <!-- verifyFilteringLeavesWithPendingStatusAndWithRecords -->
  <system-out/>
  <testcase classname="test_Cases.TestLeaveList" name="verifyFilteringLeavesWithPendingStatusAndWithRecords" time="0.000">
    <skipped/>
  </testcase> <!-- verifyFilteringLeavesWithPendingStatusAndWithRecords -->
  <system-out/>
  <testcase classname="test_Cases.TestLeaveList" name="verifyFilteringLeavesWithCancelledStatusAndWithRecords" time="0.000">
    <skipped/>
  </testcase> <!-- verifyFilteringLeavesWithCancelledStatusAndWithRecords -->
  <system-out/>
  <testcase classname="test_Cases.TestLeaveList" name="verifyFilteringLeavesWithCancelledStatusAndWithRecords" time="0.000">
    <skipped/>
  </testcase> <!-- verifyFilteringLeavesWithCancelledStatusAndWithRecords -->
  <system-out/>
  <testcase classname="test_Cases.TestLeaveList" name="verifyFilteringLeavesWithLeaveType" time="0.000">
    <skipped/>
  </testcase> <!-- verifyFilteringLeavesWithLeaveType -->
  <system-out/>
  <testcase classname="test_Cases.TestLeaveList" name="verifyFilteringLeavesWithLeaveType" time="0.000">
    <skipped/>
  </testcase> <!-- verifyFilteringLeavesWithLeaveType -->
  <system-out/>
  <testcase classname="test_Cases.TestLeaveList" name="verifyFilteringLeavesWithEmployeName" time="0.000">
    <skipped/>
  </testcase> <!-- verifyFilteringLeavesWithEmployeName -->
  <system-out/>
  <testcase classname="test_Cases.TestLeaveList" name="verifyFilteringLeavesWithEmployeName" time="0.000">
    <skipped/>
  </testcase> <!-- verifyFilteringLeavesWithEmployeName -->
  <system-out/>
  <testcase classname="test_Cases.TestLeaveList" name="verifyAddComment" time="0.000">
    <skipped/>
  </testcase> <!-- verifyAddComment -->
  <system-out/>
  <testcase classname="test_Cases.TestLeaveList" name="verifyAddComment" time="0.000">
    <skipped/>
  </testcase> <!-- verifyAddComment -->
  <system-out/>
  <testcase classname="test_Cases.TestLeaveList" name="verifyleaveRequestDetails" time="0.000">
    <skipped/>
  </testcase> <!-- verifyleaveRequestDetails -->
  <system-out/>
  <testcase classname="test_Cases.TestLeaveList" name="verifyleaveRequestDetails" time="0.000">
    <skipped/>
  </testcase> <!-- verifyleaveRequestDetails -->
  <system-out/>
  <testcase classname="test_Cases.TestLeaveList" name="verifyCancelLeaveOnleaveRequestDetails" time="0.000">
    <skipped/>
  </testcase> <!-- verifyCancelLeaveOnleaveRequestDetails -->
  <system-out/>
  <testcase classname="test_Cases.TestLeaveList" name="verifyCancelLeaveOnleaveRequestDetails" time="0.000">
    <skipped/>
  </testcase> <!-- verifyCancelLeaveOnleaveRequestDetails -->
  <system-out/>
  <testcase classname="test_Cases.TestLeaveList" name="testPIMInfoPage" time="0.000">
    <skipped/>
  </testcase> <!-- testPIMInfoPage -->
  <system-out/>
  <testcase classname="test_Cases.TestLeaveList" name="testPIMInfoPage" time="0.000">
    <skipped/>
  </testcase> <!-- testPIMInfoPage -->
  <system-out/>
  <testcase classname="test_Cases.TestLeaveList" name="testCancelLeaveOnleaveListPage" time="0.000">
    <skipped/>
  </testcase> <!-- testCancelLeaveOnleaveListPage -->
  <system-out/>
  <testcase classname="test_Cases.TestLeaveList" name="testCancelLeaveOnleaveListPage" time="0.000">
    <skipped/>
  </testcase> <!-- testCancelLeaveOnleaveListPage -->
  <system-out/>
  <testcase classname="test_Cases.TestLeaveList" name="verifyCommentsBtnOnleaveRequestDetails">
    <skipped/>
  </testcase> <!-- verifyCommentsBtnOnleaveRequestDetails -->
  <system-out/>
  <testcase classname="test_Cases.TestLeaveList" name="verifyCommentsBtnOnleaveRequestDetails">
    <skipped/>
  </testcase> <!-- verifyCommentsBtnOnleaveRequestDetails -->
  <system-out/>
  <testcase classname="test_Cases.TestLeaveList" name="verifyAddCommentOnleaveRequestDetails">
    <skipped/>
  </testcase> <!-- verifyAddCommentOnleaveRequestDetails -->
  <system-out/>
  <testcase classname="test_Cases.TestLeaveList" name="verifyAddCommentOnleaveRequestDetails">
    <skipped/>
  </testcase> <!-- verifyAddCommentOnleaveRequestDetails -->
  <system-out/>
  <testcase classname="test_Cases.TestLeaveList" name="verifyResetDateFilter">
    <skipped/>
  </testcase> <!-- verifyResetDateFilter -->
  <system-out/>
  <testcase classname="test_Cases.TestLeaveList" name="verifyResetDateFilter">
    <skipped/>
  </testcase> <!-- verifyResetDateFilter -->
  <system-out/>
</testsuite> <!-- test_Cases.TestLeaveList -->
