<?xml version="1.0" encoding="UTF-8"?>
<!-- Generated by org.testng.reporters.JUnitXMLReporter -->
<testsuite ignored="0" hostname="LAPTOP-4C1CTOAL" failures="0" tests="4" name="dynamic browser test " time="39.651" errors="0" timestamp="2025-01-31T12:28:52 IST">
  <testcase classname="base_Class.Base_Class" name="@BeforeMethod setup" time="39.588">
    <failure type="org.openqa.selenium.TimeoutException" message="Expected condition failed: waiting for visibility of element located by By.xpath: //input[@placeholder=&amp;apos;Username&amp;apos;] (tried for 15 second(s) with 500 milliseconds interval)
Build info: version: &amp;apos;4.25.0&amp;apos;, revision: &amp;apos;8a8aea2337&amp;apos;
System info: os.name: &amp;apos;Windows 11&amp;apos;, os.arch: &amp;apos;amd64&amp;apos;, os.version: &amp;apos;10.0&amp;apos;, java.version: &amp;apos;23&amp;apos;
Driver info: org.openqa.selenium.chrome.ChromeDriver
Capabilities {acceptInsecureCerts: false, browserName: chrome, browserVersion: 132.0.6834.112, chrome: {chromedriverVersion: 132.0.6834.159 (2d77d3fc445..., userDataDir: C:\Users\RAMITA~1\AppData\L...}, fedcm:accounts: true, goog:chromeOptions: {debuggerAddress: localhost:64079}, networkConnectionEnabled: false, pageLoadStrategy: normal, platformName: windows, proxy: Proxy(), se:cdp: ws://localhost:64079/devtoo..., se:cdpVersion: 132.0.6834.112, setWindowRect: true, strictFileInteractability: false, timeouts: {implicit: 0, pageLoad: 300000, script: 30000}, unhandledPromptBehavior: dismiss and notify, webauthn:extension:credBlob: true, webauthn:extension:largeBlob: true, webauthn:extension:minPinLength: true, webauthn:extension:prf: true, webauthn:virtualAuthenticators: true}
Session ID: 6ef0a11aeee254ea3f9f2e5ec0e9dc25">
      <![CDATA[org.openqa.selenium.TimeoutException: Expected condition failed: waiting for visibility of element located by By.xpath: //input[@placeholder='Username'] (tried for 15 second(s) with 500 milliseconds interval)
Build info: version: '4.25.0', revision: '8a8aea2337'
System info: os.name: 'Windows 11', os.arch: 'amd64', os.version: '10.0', java.version: '23'
Driver info: org.openqa.selenium.chrome.ChromeDriver
Capabilities {acceptInsecureCerts: false, browserName: chrome, browserVersion: 132.0.6834.112, chrome: {chromedriverVersion: 132.0.6834.159 (2d77d3fc445..., userDataDir: C:\Users\RAMITA~1\AppData\L...}, fedcm:accounts: true, goog:chromeOptions: {debuggerAddress: localhost:64079}, networkConnectionEnabled: false, pageLoadStrategy: normal, platformName: windows, proxy: Proxy(), se:cdp: ws://localhost:64079/devtoo..., se:cdpVersion: 132.0.6834.112, setWindowRect: true, strictFileInteractability: false, timeouts: {implicit: 0, pageLoad: 300000, script: 30000}, unhandledPromptBehavior: dismiss and notify, webauthn:extension:credBlob: true, webauthn:extension:largeBlob: true, webauthn:extension:minPinLength: true, webauthn:extension:prf: true, webauthn:virtualAuthenticators: true}
Session ID: 6ef0a11aeee254ea3f9f2e5ec0e9dc25
at org.openqa.selenium.support.ui.WebDriverWait.timeoutException(WebDriverWait.java:84)
at org.openqa.selenium.support.ui.FluentWait.until(FluentWait.java:228)
at pageObjects.Login.Login_Page_Objects.Default_Username(Login_Page_Objects.java:50)
at base_Class.Base_Class.setup(Base_Class.java:72)
at java.base/jdk.internal.reflect.DirectMethodHandleAccessor.invoke(DirectMethodHandleAccessor.java:103)
at java.base/java.lang.reflect.Method.invoke(Method.java:580)
at org.testng.internal.MethodInvocationHelper.invokeMethod(MethodInvocationHelper.java:133)
at org.testng.internal.MethodInvocationHelper.invokeMethodConsideringTimeout(MethodInvocationHelper.java:62)
at org.testng.internal.ConfigInvoker.invokeConfigurationMethod(ConfigInvoker.java:385)
at org.testng.internal.ConfigInvoker.invokeConfigurations(ConfigInvoker.java:321)
at org.testng.internal.TestInvoker.runConfigMethods(TestInvoker.java:700)
at org.testng.internal.TestInvoker.invokeMethod(TestInvoker.java:527)
at org.testng.internal.TestInvoker.invokeTestMethod(TestInvoker.java:173)
at org.testng.internal.MethodRunner.runInSequence(MethodRunner.java:46)
at org.testng.internal.TestInvoker$MethodInvocationAgent.invoke(TestInvoker.java:824)
at org.testng.internal.TestInvoker.invokeTestMethods(TestInvoker.java:146)
at org.testng.internal.TestMethodWorker.invokeTestMethods(TestMethodWorker.java:146)
at org.testng.internal.TestMethodWorker.run(TestMethodWorker.java:128)
at java.base/java.util.ArrayList.forEach(ArrayList.java:1597)
at org.testng.TestRunner.privateRun(TestRunner.java:794)
at org.testng.TestRunner.run(TestRunner.java:596)
at org.testng.SuiteRunner.runTest(SuiteRunner.java:377)
at org.testng.SuiteRunner.access$000(SuiteRunner.java:28)
at org.testng.SuiteRunner$SuiteWorker.run(SuiteRunner.java:418)
at org.testng.internal.thread.ThreadUtil.lambda$execute$0(ThreadUtil.java:64)
at java.base/java.util.concurrent.FutureTask.run(FutureTask.java:317)
at java.base/java.util.concurrent.ThreadPoolExecutor.runWorker(ThreadPoolExecutor.java:1144)
at java.base/java.util.concurrent.ThreadPoolExecutor$Worker.run(ThreadPoolExecutor.java:642)
at java.base/java.lang.Thread.run(Thread.java:1575)
]]>
    </failure>
  </testcase> <!-- @BeforeMethod setup -->
  <testcase classname="base_Class.Base_Class" name="@AfterMethod quit" time="-1.738306732946E9">
    <skipped/>
  </testcase> <!-- @AfterMethod quit -->
  <testcase classname="base_Class.Base_Class" name="@BeforeMethod setup" time="-1.738306732948E9">
    <skipped/>
  </testcase> <!-- @BeforeMethod setup -->
  <testcase classname="base_Class.Base_Class" name="@AfterMethod quit" time="-1.738306732952E9">
    <skipped/>
  </testcase> <!-- @AfterMethod quit -->
  <testcase classname="base_Class.Base_Class" name="@BeforeMethod setup" time="-1.738306732952E9">
    <skipped/>
  </testcase> <!-- @BeforeMethod setup -->
  <testcase classname="base_Class.Base_Class" name="@AfterMethod quit" time="-1.738306732958E9">
    <skipped/>
  </testcase> <!-- @AfterMethod quit -->
  <testcase classname="base_Class.Base_Class" name="@BeforeMethod setup" time="-1.738306732959E9">
    <skipped/>
  </testcase> <!-- @BeforeMethod setup -->
  <testcase classname="base_Class.Base_Class" name="@AfterMethod quit" time="-1.738306732963E9">
    <skipped/>
  </testcase> <!-- @AfterMethod quit -->
  <testcase classname="test_Cases.SearchPageTest" name="searchFunctionalityTest" time="0.0">
    <skipped/>
  </testcase> <!-- searchFunctionalityTest -->
  <testcase classname="test_Cases.SearchPageTest" name="searchFunctionalityTest" time="0.0">
    <skipped/>
  </testcase> <!-- searchFunctionalityTest -->
  <testcase classname="test_Cases.SearchPageTest" name="searchFunctionalityTest" time="0.0">
    <skipped/>
  </testcase> <!-- searchFunctionalityTest -->
  <testcase classname="test_Cases.SearchPageTest" name="searchFunctionalityTest" time="0.0">
    <skipped/>
  </testcase> <!-- searchFunctionalityTest -->
</testsuite> <!-- dynamic browser test  -->
